<?xml version="1.0" encoding="UTF-8"?>
<testsuite xmlns:xsi="http://www.w3.org/2001/XMLSchema-instance" xsi:noNamespaceSchemaLocation="https://maven.apache.org/surefire/maven-surefire-plugin/xsd/surefire-test-report-3.0.xsd" version="3.0" name="TestSuite" time="61.89" tests="1" errors="0" skipped="0" failures="0">
  <properties>
    <property name="java.specification.version" value="15"/>
    <property name="sun.jnu.encoding" value="UTF-8"/>
    <property name="java.class.path" value="/Users/sopay/Workspaces/avengers/target/test-classes:/Users/sopay/Workspaces/avengers/target/classes:/Users/sopay/.m2/repository/commons-lang/commons-lang/2.6/commons-lang-2.6.jar:/Users/sopay/.m2/repository/io/appium/java-client/7.6.0/java-client-7.6.0.jar:/Users/sopay/.m2/repository/org/seleniumhq/selenium/selenium-java/3.141.59/selenium-java-3.141.59.jar:/Users/sopay/.m2/repository/org/seleniumhq/selenium/selenium-chrome-driver/3.141.59/selenium-chrome-driver-3.141.59.jar:/Users/sopay/.m2/repository/org/seleniumhq/selenium/selenium-edge-driver/3.141.59/selenium-edge-driver-3.141.59.jar:/Users/sopay/.m2/repository/org/seleniumhq/selenium/selenium-firefox-driver/3.141.59/selenium-firefox-driver-3.141.59.jar:/Users/sopay/.m2/repository/org/seleniumhq/selenium/selenium-ie-driver/3.141.59/selenium-ie-driver-3.141.59.jar:/Users/sopay/.m2/repository/org/seleniumhq/selenium/selenium-opera-driver/3.141.59/selenium-opera-driver-3.141.59.jar:/Users/sopay/.m2/repository/org/seleniumhq/selenium/selenium-remote-driver/3.141.59/selenium-remote-driver-3.141.59.jar:/Users/sopay/.m2/repository/org/seleniumhq/selenium/selenium-safari-driver/3.141.59/selenium-safari-driver-3.141.59.jar:/Users/sopay/.m2/repository/net/bytebuddy/byte-buddy/1.8.15/byte-buddy-1.8.15.jar:/Users/sopay/.m2/repository/org/apache/commons/commons-exec/1.3/commons-exec-1.3.jar:/Users/sopay/.m2/repository/com/google/guava/guava/25.0-jre/guava-25.0-jre.jar:/Users/sopay/.m2/repository/com/google/code/findbugs/jsr305/1.3.9/jsr305-1.3.9.jar:/Users/sopay/.m2/repository/org/checkerframework/checker-compat-qual/2.0.0/checker-compat-qual-2.0.0.jar:/Users/sopay/.m2/repository/com/google/errorprone/error_prone_annotations/2.1.3/error_prone_annotations-2.1.3.jar:/Users/sopay/.m2/repository/com/google/j2objc/j2objc-annotations/1.1/j2objc-annotations-1.1.jar:/Users/sopay/.m2/repository/org/codehaus/mojo/animal-sniffer-annotations/1.14/animal-sniffer-annotations-1.14.jar:/Users/sopay/.m2/repository/com/squareup/okhttp3/okhttp/3.11.0/okhttp-3.11.0.jar:/Users/sopay/.m2/repository/com/squareup/okio/okio/1.14.0/okio-1.14.0.jar:/Users/sopay/.m2/repository/org/seleniumhq/selenium/selenium-support/3.141.59/selenium-support-3.141.59.jar:/Users/sopay/.m2/repository/org/seleniumhq/selenium/selenium-api/3.141.59/selenium-api-3.141.59.jar:/Users/sopay/.m2/repository/com/google/code/gson/gson/2.8.8/gson-2.8.8.jar:/Users/sopay/.m2/repository/org/apache/httpcomponents/httpclient/4.5.13/httpclient-4.5.13.jar:/Users/sopay/.m2/repository/org/apache/httpcomponents/httpcore/4.4.13/httpcore-4.4.13.jar:/Users/sopay/.m2/repository/commons-logging/commons-logging/1.2/commons-logging-1.2.jar:/Users/sopay/.m2/repository/commons-codec/commons-codec/1.11/commons-codec-1.11.jar:/Users/sopay/.m2/repository/cglib/cglib/3.3.0/cglib-3.3.0.jar:/Users/sopay/.m2/repository/org/ow2/asm/asm/7.1/asm-7.1.jar:/Users/sopay/.m2/repository/commons-validator/commons-validator/1.7/commons-validator-1.7.jar:/Users/sopay/.m2/repository/commons-beanutils/commons-beanutils/1.9.4/commons-beanutils-1.9.4.jar:/Users/sopay/.m2/repository/commons-digester/commons-digester/2.1/commons-digester-2.1.jar:/Users/sopay/.m2/repository/commons-collections/commons-collections/3.2.2/commons-collections-3.2.2.jar:/Users/sopay/.m2/repository/org/apache/commons/commons-lang3/3.12.0/commons-lang3-3.12.0.jar:/Users/sopay/.m2/repository/commons-io/commons-io/2.11.0/commons-io-2.11.0.jar:/Users/sopay/.m2/repository/org/springframework/spring-context/5.3.10/spring-context-5.3.10.jar:/Users/sopay/.m2/repository/org/springframework/spring-aop/5.3.10/spring-aop-5.3.10.jar:/Users/sopay/.m2/repository/org/springframework/spring-beans/5.3.10/spring-beans-5.3.10.jar:/Users/sopay/.m2/repository/org/springframework/spring-core/5.3.10/spring-core-5.3.10.jar:/Users/sopay/.m2/repository/org/springframework/spring-jcl/5.3.10/spring-jcl-5.3.10.jar:/Users/sopay/.m2/repository/org/springframework/spring-expression/5.3.10/spring-expression-5.3.10.jar:/Users/sopay/.m2/repository/org/aspectj/aspectjweaver/1.9.7/aspectjweaver-1.9.7.jar:/Users/sopay/.m2/repository/org/slf4j/slf4j-api/1.7.32/slf4j-api-1.7.32.jar:/Users/sopay/.m2/repository/log4j/log4j/1.2.17/log4j-1.2.17.jar:/Users/sopay/.m2/repository/com/relevantcodes/extentreports/2.41.2/extentreports-2.41.2.jar:/Users/sopay/.m2/repository/org/jsoup/jsoup/1.8.3/jsoup-1.8.3.jar:/Users/sopay/.m2/repository/org/xerial/sqlite-jdbc/3.8.11.1/sqlite-jdbc-3.8.11.1.jar:/Users/sopay/.m2/repository/org/freemarker/freemarker/2.3.23/freemarker-2.3.23.jar:/Users/sopay/.m2/repository/org/mongodb/mongodb-driver/3.0.4/mongodb-driver-3.0.4.jar:/Users/sopay/.m2/repository/org/mongodb/bson/3.0.4/bson-3.0.4.jar:/Users/sopay/.m2/repository/org/mongodb/mongodb-driver-core/3.0.4/mongodb-driver-core-3.0.4.jar:/Users/sopay/.m2/repository/org/testng/testng/7.0.0/testng-7.0.0.jar:/Users/sopay/.m2/repository/com/beust/jcommander/1.72/jcommander-1.72.jar:/Users/sopay/.m2/repository/ch/qos/logback/logback-classic/1.2.3/logback-classic-1.2.3.jar:/Users/sopay/.m2/repository/ch/qos/logback/logback-core/1.2.3/logback-core-1.2.3.jar:"/>
    <property name="java.vm.vendor" value="Oracle Corporation"/>
    <property name="sun.arch.data.model" value="64"/>
    <property name="java.vendor.url" value="https://java.oracle.com/"/>
    <property name="user.timezone" value="Asia/Jakarta"/>
    <property name="os.name" value="Mac OS X"/>
    <property name="java.vm.specification.version" value="15"/>
    <property name="sun.java.launcher" value="SUN_STANDARD"/>
    <property name="user.country" value="ID"/>
    <property name="sun.boot.library.path" value="/Library/Java/JavaVirtualMachines/jdk-15.0.2.jdk/Contents/Home/lib"/>
    <property name="sun.java.command" value="/Users/sopay/Workspaces/avengers/target/surefire/surefirebooter-20240511100535186_3.jar /Users/sopay/Workspaces/avengers/target/surefire 2024-05-11T10-05-34_889-jvmRun1 surefire-20240511100535186_1tmp surefire_0-20240511100535186_2tmp"/>
    <property name="http.nonProxyHosts" value="local|*.local|169.254/16|*.169.254/16"/>
    <property name="jdk.debug" value="release"/>
    <property name="surefire.test.class.path" value="/Users/sopay/Workspaces/avengers/target/test-classes:/Users/sopay/Workspaces/avengers/target/classes:/Users/sopay/.m2/repository/commons-lang/commons-lang/2.6/commons-lang-2.6.jar:/Users/sopay/.m2/repository/io/appium/java-client/7.6.0/java-client-7.6.0.jar:/Users/sopay/.m2/repository/org/seleniumhq/selenium/selenium-java/3.141.59/selenium-java-3.141.59.jar:/Users/sopay/.m2/repository/org/seleniumhq/selenium/selenium-chrome-driver/3.141.59/selenium-chrome-driver-3.141.59.jar:/Users/sopay/.m2/repository/org/seleniumhq/selenium/selenium-edge-driver/3.141.59/selenium-edge-driver-3.141.59.jar:/Users/sopay/.m2/repository/org/seleniumhq/selenium/selenium-firefox-driver/3.141.59/selenium-firefox-driver-3.141.59.jar:/Users/sopay/.m2/repository/org/seleniumhq/selenium/selenium-ie-driver/3.141.59/selenium-ie-driver-3.141.59.jar:/Users/sopay/.m2/repository/org/seleniumhq/selenium/selenium-opera-driver/3.141.59/selenium-opera-driver-3.141.59.jar:/Users/sopay/.m2/repository/org/seleniumhq/selenium/selenium-remote-driver/3.141.59/selenium-remote-driver-3.141.59.jar:/Users/sopay/.m2/repository/org/seleniumhq/selenium/selenium-safari-driver/3.141.59/selenium-safari-driver-3.141.59.jar:/Users/sopay/.m2/repository/net/bytebuddy/byte-buddy/1.8.15/byte-buddy-1.8.15.jar:/Users/sopay/.m2/repository/org/apache/commons/commons-exec/1.3/commons-exec-1.3.jar:/Users/sopay/.m2/repository/com/google/guava/guava/25.0-jre/guava-25.0-jre.jar:/Users/sopay/.m2/repository/com/google/code/findbugs/jsr305/1.3.9/jsr305-1.3.9.jar:/Users/sopay/.m2/repository/org/checkerframework/checker-compat-qual/2.0.0/checker-compat-qual-2.0.0.jar:/Users/sopay/.m2/repository/com/google/errorprone/error_prone_annotations/2.1.3/error_prone_annotations-2.1.3.jar:/Users/sopay/.m2/repository/com/google/j2objc/j2objc-annotations/1.1/j2objc-annotations-1.1.jar:/Users/sopay/.m2/repository/org/codehaus/mojo/animal-sniffer-annotations/1.14/animal-sniffer-annotations-1.14.jar:/Users/sopay/.m2/repository/com/squareup/okhttp3/okhttp/3.11.0/okhttp-3.11.0.jar:/Users/sopay/.m2/repository/com/squareup/okio/okio/1.14.0/okio-1.14.0.jar:/Users/sopay/.m2/repository/org/seleniumhq/selenium/selenium-support/3.141.59/selenium-support-3.141.59.jar:/Users/sopay/.m2/repository/org/seleniumhq/selenium/selenium-api/3.141.59/selenium-api-3.141.59.jar:/Users/sopay/.m2/repository/com/google/code/gson/gson/2.8.8/gson-2.8.8.jar:/Users/sopay/.m2/repository/org/apache/httpcomponents/httpclient/4.5.13/httpclient-4.5.13.jar:/Users/sopay/.m2/repository/org/apache/httpcomponents/httpcore/4.4.13/httpcore-4.4.13.jar:/Users/sopay/.m2/repository/commons-logging/commons-logging/1.2/commons-logging-1.2.jar:/Users/sopay/.m2/repository/commons-codec/commons-codec/1.11/commons-codec-1.11.jar:/Users/sopay/.m2/repository/cglib/cglib/3.3.0/cglib-3.3.0.jar:/Users/sopay/.m2/repository/org/ow2/asm/asm/7.1/asm-7.1.jar:/Users/sopay/.m2/repository/commons-validator/commons-validator/1.7/commons-validator-1.7.jar:/Users/sopay/.m2/repository/commons-beanutils/commons-beanutils/1.9.4/commons-beanutils-1.9.4.jar:/Users/sopay/.m2/repository/commons-digester/commons-digester/2.1/commons-digester-2.1.jar:/Users/sopay/.m2/repository/commons-collections/commons-collections/3.2.2/commons-collections-3.2.2.jar:/Users/sopay/.m2/repository/org/apache/commons/commons-lang3/3.12.0/commons-lang3-3.12.0.jar:/Users/sopay/.m2/repository/commons-io/commons-io/2.11.0/commons-io-2.11.0.jar:/Users/sopay/.m2/repository/org/springframework/spring-context/5.3.10/spring-context-5.3.10.jar:/Users/sopay/.m2/repository/org/springframework/spring-aop/5.3.10/spring-aop-5.3.10.jar:/Users/sopay/.m2/repository/org/springframework/spring-beans/5.3.10/spring-beans-5.3.10.jar:/Users/sopay/.m2/repository/org/springframework/spring-core/5.3.10/spring-core-5.3.10.jar:/Users/sopay/.m2/repository/org/springframework/spring-jcl/5.3.10/spring-jcl-5.3.10.jar:/Users/sopay/.m2/repository/org/springframework/spring-expression/5.3.10/spring-expression-5.3.10.jar:/Users/sopay/.m2/repository/org/aspectj/aspectjweaver/1.9.7/aspectjweaver-1.9.7.jar:/Users/sopay/.m2/repository/org/slf4j/slf4j-api/1.7.32/slf4j-api-1.7.32.jar:/Users/sopay/.m2/repository/log4j/log4j/1.2.17/log4j-1.2.17.jar:/Users/sopay/.m2/repository/com/relevantcodes/extentreports/2.41.2/extentreports-2.41.2.jar:/Users/sopay/.m2/repository/org/jsoup/jsoup/1.8.3/jsoup-1.8.3.jar:/Users/sopay/.m2/repository/org/xerial/sqlite-jdbc/3.8.11.1/sqlite-jdbc-3.8.11.1.jar:/Users/sopay/.m2/repository/org/freemarker/freemarker/2.3.23/freemarker-2.3.23.jar:/Users/sopay/.m2/repository/org/mongodb/mongodb-driver/3.0.4/mongodb-driver-3.0.4.jar:/Users/sopay/.m2/repository/org/mongodb/bson/3.0.4/bson-3.0.4.jar:/Users/sopay/.m2/repository/org/mongodb/mongodb-driver-core/3.0.4/mongodb-driver-core-3.0.4.jar:/Users/sopay/.m2/repository/org/testng/testng/7.0.0/testng-7.0.0.jar:/Users/sopay/.m2/repository/com/beust/jcommander/1.72/jcommander-1.72.jar:/Users/sopay/.m2/repository/ch/qos/logback/logback-classic/1.2.3/logback-classic-1.2.3.jar:/Users/sopay/.m2/repository/ch/qos/logback/logback-core/1.2.3/logback-core-1.2.3.jar:"/>
    <property name="sun.cpu.endian" value="little"/>
    <property name="user.home" value="/Users/sopay"/>
    <property name="user.language" value="en"/>
    <property name="java.specification.vendor" value="Oracle Corporation"/>
    <property name="java.version.date" value="2021-01-19"/>
    <property name="java.home" value="/Library/Java/JavaVirtualMachines/jdk-15.0.2.jdk/Contents/Home"/>
    <property name="file.separator" value="/"/>
    <property name="basedir" value="/Users/sopay/Workspaces/avengers"/>
    <property name="java.vm.compressedOopsMode" value="Zero based"/>
    <property name="line.separator" value="&#10;"/>
    <property name="java.specification.name" value="Java Platform API Specification"/>
    <property name="java.vm.specification.vendor" value="Oracle Corporation"/>
    <property name="APPIUM_BASE_PATH" value="/wd/hub"/>
    <property name="surefire.real.class.path" value="/Users/sopay/Workspaces/avengers/target/surefire/surefirebooter-20240511100535186_3.jar"/>
    <property name="sun.management.compiler" value="HotSpot 64-Bit Tiered Compilers"/>
    <property name="ftp.nonProxyHosts" value="local|*.local|169.254/16|*.169.254/16"/>
    <property name="java.runtime.version" value="15.0.2+7-27"/>
    <property name="user.name" value="sopay"/>
    <property name="path.separator" value=":"/>
    <property name="os.version" value="10.16"/>
    <property name="java.runtime.name" value="Java(TM) SE Runtime Environment"/>
    <property name="file.encoding" value="UTF-8"/>
    <property name="java.vm.name" value="Java HotSpot(TM) 64-Bit Server VM"/>
    <property name="localRepository" value="/Users/sopay/.m2/repository"/>
    <property name="java.vendor.url.bug" value="https://bugreport.java.com/bugreport/"/>
    <property name="java.io.tmpdir" value="/var/folders/qy/3vfxsw1j5hb34c1hfxm346bh0000gn/T/"/>
    <property name="java.version" value="15.0.2"/>
    <property name="user.dir" value="/Users/sopay/Workspaces/avengers"/>
    <property name="os.arch" value="x86_64"/>
    <property name="java.vm.specification.name" value="Java Virtual Machine Specification"/>
    <property name="java.library.path" value="/Users/sopay/Library/Java/Extensions:/Library/Java/Extensions:/Network/Library/Java/Extensions:/System/Library/Java/Extensions:/usr/lib/java:."/>
    <property name="java.vm.info" value="mixed mode, sharing"/>
    <property name="java.vendor" value="Oracle Corporation"/>
    <property name="java.vm.version" value="15.0.2+7-27"/>
    <property name="sun.io.unicode.encoding" value="UnicodeBig"/>
    <property name="socksNonProxyHosts" value="local|*.local|169.254/16|*.169.254/16"/>
    <property name="java.class.version" value="59.0"/>
  </properties>
  <testcase name="testPurchaseFlow" classname="testSuite.HomePageTest" time="37.893">
    <system-out><![CDATA[URL: http://127.0.0.1:4723/wd/hub
(node:15359) [DEP0128] DeprecationWarning: Invalid 'main' field in '/Users/sopay/.npm-global/lib/node_modules/appium/node_modules/mjpeg-server/package.json' of './lib/mpegserver'. Please either fix that or report it to the module author
(Use `node --trace-deprecation ...` to show where the warning was created)
&amp#27;[35m[Appium]&amp#27;[39m Welcome to Appium v1.21.0
&amp#27;[35m[Appium]&amp#27;[39m Non-default server args:
&amp#27;[35m[Appium]&amp#27;[39m   address: 127.0.0.1
&amp#27;[35m[Appium]&amp#27;[39m   sessionOverride: true
&amp#27;[35m[Appium]&amp#27;[39m   loglevel: info
&amp#27;[35m[Appium]&amp#27;[39m   defaultCapabilities: {
&amp#27;[35m[Appium]&amp#27;[39m   }
&amp#27;[35m[Appium]&amp#27;[39m Appium REST http interface listener started on 127.0.0.1:4723
Actual product price: Rp 6.600 
Page Source:
<?xml version='1.0' encoding='UTF-8' standalone='yes' ?>
<hierarchy index="0" class="hierarchy" rotation="0" width="1080" height="2190">
  <android.widget.FrameLayout index="0" package="edts.klik.android" class="android.widget.FrameLayout" text="" checkable="false" checked="false" clickable="false" enabled="true" focusable="false" focused="false" long-clickable="false" password="false" scrollable="false" selected="false" bounds="[0,0][1080,2190]" displayed="true">
    <android.widget.LinearLayout index="0" package="edts.klik.android" class="android.widget.LinearLayout" text="" checkable="false" checked="false" clickable="false" enabled="true" focusable="false" focused="false" long-clickable="false" password="false" scrollable="false" selected="false" bounds="[0,0][1080,2190]" displayed="true">
      <android.widget.FrameLayout index="0" package="edts.klik.android" class="android.widget.FrameLayout" text="" resource-id="android:id/content" checkable="false" checked="false" clickable="false" enabled="true" focusable="false" focused="false" long-clickable="false" password="false" scrollable="false" selected="false" bounds="[0,0][1080,2190]" displayed="true">
        <android.widget.FrameLayout index="0" package="edts.klik.android" class="android.widget.FrameLayout" text="" resource-id="edts.klik.android:id/bottomLayout" checkable="false" checked="false" clickable="false" enabled="true" focusable="false" focused="false" long-clickable="false" password="false" scrollable="false" selected="false" bounds="[0,0][1080,2190]" displayed="true">
          <android.widget.FrameLayout index="0" package="edts.klik.android" class="android.widget.FrameLayout" text="" resource-id="edts.klik.android:id/flRoot" checkable="false" checked="false" clickable="true" enabled="true" focusable="true" focused="false" long-clickable="false" password="false" scrollable="false" selected="false" bounds="[0,0][1080,2190]" displayed="true">
            <android.view.View index="0" package="edts.klik.android" class="android.view.View" text="" resource-id="edts.klik.android:id/vWindow" checkable="false" checked="false" clickable="true" enabled="true" focusable="true" focused="false" long-clickable="false" password="false" scrollable="false" selected="false" bounds="[0,0][1080,2190]" displayed="true" />
            <android.widget.FrameLayout index="1" package="edts.klik.android" class="android.widget.FrameLayout" text="" resource-id="edts.klik.android:id/flBottom" checkable="false" checked="false" clickable="false" enabled="true" focusable="false" focused="false" long-clickable="false" password="false" scrollable="false" selected="false" bounds="[0,1566][1080,2190]" displayed="true">
              <androidx.appcompat.widget.LinearLayoutCompat index="0" package="edts.klik.android" class="androidx.appcompat.widget.LinearLayoutCompat" text="" resource-id="edts.klik.android:id/llBottom" checkable="false" checked="false" clickable="false" enabled="true" focusable="false" focused="false" long-clickable="false" password="false" scrollable="false" selected="false" bounds="[0,1566][1080,2190]" displayed="true">
                <android.widget.FrameLayout index="0" package="edts.klik.android" class="android.widget.FrameLayout" text="" resource-id="edts.klik.android:id/flTray" checkable="false" checked="false" clickable="false" enabled="true" focusable="false" focused="false" long-clickable="false" password="false" scrollable="false" selected="false" bounds="[456,1566][624,1626]" displayed="true">
                  <android.widget.ImageView index="0" package="edts.klik.android" class="android.widget.ImageView" text="" checkable="false" checked="false" clickable="false" enabled="true" focusable="false" focused="false" long-clickable="false" password="false" scrollable="false" selected="false" bounds="[480,1590][600,1602]" displayed="true" />
                </android.widget.FrameLayout>
                <android.widget.FrameLayout index="1" package="edts.klik.android" class="android.widget.FrameLayout" text="" resource-id="edts.klik.android:id/flTitle" checkable="false" checked="false" clickable="false" enabled="true" focusable="false" focused="false" long-clickable="false" password="false" scrollable="false" selected="false" bounds="[0,1686][1080,1758]" displayed="true">
                  <androidx.appcompat.widget.LinearLayoutCompat index="0" package="edts.klik.android" class="androidx.appcompat.widget.LinearLayoutCompat" text="" checkable="false" checked="false" clickable="false" enabled="true" focusable="false" focused="false" long-clickable="false" password="false" scrollable="false" selected="false" bounds="[0,1686][1080,1758]" displayed="true">
                    <android.widget.TextView index="0" package="edts.klik.android" class="android.widget.TextView" text="Ringkasan Belanja" resource-id="edts.klik.android:id/tvTitle" checkable="false" checked="false" clickable="false" enabled="true" focusable="false" focused="false" long-clickable="false" password="false" scrollable="false" selected="false" bounds="[48,1687][912,1757]" displayed="true" />
                    <android.widget.ImageView index="1" package="edts.klik.android" class="android.widget.ImageView" text="" resource-id="edts.klik.android:id/ivCancel" checkable="false" checked="false" clickable="true" enabled="true" focusable="true" focused="false" long-clickable="false" password="false" scrollable="false" selected="false" bounds="[960,1686][1032,1758]" displayed="true" />
                  </androidx.appcompat.widget.LinearLayoutCompat>
                </android.widget.FrameLayout>
                <android.view.View index="2" package="edts.klik.android" class="android.view.View" text="" resource-id="edts.klik.android:id/vLine" checkable="false" checked="false" clickable="false" enabled="true" focusable="false" focused="false" long-clickable="false" password="false" scrollable="false" selected="false" bounds="[0,1818][1080,1821]" displayed="true" />
                <android.widget.FrameLayout index="3" package="edts.klik.android" class="android.widget.FrameLayout" text="" resource-id="edts.klik.android:id/flContent" checkable="false" checked="false" clickable="false" enabled="true" focusable="false" focused="false" long-clickable="false" password="false" scrollable="false" selected="false" bounds="[0,1821][1080,2190]" displayed="true">
                  <android.view.ViewGroup index="0" package="edts.klik.android" class="android.view.ViewGroup" text="" checkable="false" checked="false" clickable="false" enabled="true" focusable="false" focused="false" long-clickable="false" password="false" scrollable="false" selected="false" bounds="[0,1821][1080,2190]" displayed="true">
                    <android.widget.TextView index="0" package="edts.klik.android" class="android.widget.TextView" text="Belanja Xtra (1 Barang)" resource-id="edts.klik.android:id/tvCount" checkable="false" checked="false" clickable="false" enabled="true" focusable="false" focused="false" long-clickable="false" password="false" scrollable="false" selected="false" bounds="[48,1869][1080,1921]" displayed="true" />
                    <android.widget.TextView index="1" package="edts.klik.android" class="android.widget.TextView" text="Rp 6.600" resource-id="edts.klik.android:id/tvGross" checkable="false" checked="false" clickable="false" enabled="true" focusable="false" focused="false" long-clickable="false" password="false" scrollable="false" selected="false" bounds="[879,1869][1032,1921]" displayed="true" />
                    <android.view.View index="2" package="edts.klik.android" class="android.view.View" text="" resource-id="edts.klik.android:id/vBorder1" checkable="false" checked="false" clickable="false" enabled="true" focusable="false" focused="false" long-clickable="false" password="false" scrollable="false" selected="false" bounds="[48,1969][1032,1972]" displayed="true" />
                    <androidx.appcompat.widget.LinearLayoutCompat index="3" package="edts.klik.android" class="androidx.appcompat.widget.LinearLayoutCompat" text="" resource-id="edts.klik.android:id/llDeliveryFee" checkable="false" checked="false" clickable="false" enabled="true" focusable="false" focused="false" long-clickable="false" password="false" scrollable="false" selected="false" bounds="[0,1972][1080,2120]" displayed="true">
                      <android.widget.TextView index="0" package="edts.klik.android" class="android.widget.TextView" text="Biaya Pengiriman" checkable="false" checked="false" clickable="false" enabled="true" focusable="false" focused="false" long-clickable="false" password="false" scrollable="false" selected="false" bounds="[48,2020][878,2072]" displayed="true" />
                      <android.widget.TextView index="1" package="edts.klik.android" class="android.widget.TextView" text="Rp 5.000" resource-id="edts.klik.android:id/tvDeliveryFee" checkable="false" checked="false" clickable="false" enabled="true" focusable="false" focused="false" long-clickable="false" password="false" scrollable="false" selected="false" bounds="[878,2020][1032,2072]" displayed="true" />
                    </androidx.appcompat.widget.LinearLayoutCompat>
                    <android.view.View index="4" package="edts.klik.android" class="android.view.View" text="" resource-id="edts.klik.android:id/vBorder" checkable="false" checked="false" clickable="false" enabled="true" focusable="false" focused="false" long-clickable="false" password="false" scrollable="false" selected="false" bounds="[0,2120][1080,2123]" displayed="true" />
                    <android.widget.TextView index="5" package="edts.klik.android" class="android.widget.TextView" text="Total Pembayaran" resource-id="edts.klik.android:id/lbPay" checkable="false" checked="false" clickable="false" enabled="true" focusable="false" focused="false" long-clickable="false" password="false" scrollable="false" selected="false" bounds="[48,2171][813,2190]" displayed="true" />
                    <android.widget.TextView index="6" package="edts.klik.android" class="android.widget.TextView" text="Rp 11.600" resource-id="edts.klik.android:id/tvPay" checkable="false" checked="false" clickable="false" enabled="true" focusable="false" focused="false" long-clickable="false" password="false" scrollable="false" selected="false" bounds="[837,2171][1032,2190]" displayed="true" />
                  </android.view.ViewGroup>
                </android.widget.FrameLayout>
              </androidx.appcompat.widget.LinearLayoutCompat>
            </android.widget.FrameLayout>
          </android.widget.FrameLayout>
        </android.widget.FrameLayout>
      </android.widget.FrameLayout>
    </android.widget.LinearLayout>
  </android.widget.FrameLayout>
</hierarchy>
]]></system-out>
    <system-err><![CDATA[May 11, 2024 10:05:44 AM io.appium.java_client.remote.AppiumCommandExecutor$1 lambda$0
INFO: Detected dialect: W3C
]]></system-err>
  </testcase>
</testsuite>