<?xml version="1.0" encoding="UTF-8"?>
<!-- Generated by org.testng.reporters.JUnitReportReporter -->
<testsuite hostname="sopays-MacBook-Pro.local" failures="0" tests="1" name="testSuite.HomePageTest" time="37.872" errors="0" timestamp="2024-05-11T10:06:32 WIB" skipped="0">
  <testcase classname="testSuite.HomePageTest" name="testPurchaseFlow" time="37.872"/>
</testsuite> <!-- testSuite.HomePageTest -->
